C:\Users\Laurent\Documents\dauphine\projetcomposants\DM2IFGroupe4\developpement\Composant6\Composant6\Debug\cl.command.1.tlog
C:\Users\Laurent\Documents\dauphine\projetcomposants\DM2IFGroupe4\developpement\Composant6\Composant6\Debug\CL.read.1.tlog
C:\Users\Laurent\Documents\dauphine\projetcomposants\DM2IFGroupe4\developpement\Composant6\Composant6\Debug\CL.write.1.tlog
C:\Users\Laurent\Documents\dauphine\projetcomposants\DM2IFGroupe4\developpement\Composant6\Composant6\Debug\Composant6.dll.embed.manifest
C:\USERS\LAURENT\DOCUMENTS\DAUPHINE\PROJETCOMPOSANTS\DM2IFGROUPE4\DEVELOPPEMENT\COMPOSANT6\COMPOSANT6\DEBUG\COMPOSANT6.DLL.EMBED.MANIFEST.RES
C:\Users\Laurent\Documents\dauphine\projetcomposants\DM2IFGroupe4\developpement\Composant6\Composant6\Debug\Composant6.dll.intermediate.manifest
C:\USERS\LAURENT\DOCUMENTS\DAUPHINE\PROJETCOMPOSANTS\DM2IFGROUPE4\DEVELOPPEMENT\COMPOSANT6\COMPOSANT6\DEBUG\COMPOSANT6.OBJ
C:\USERS\LAURENT\DOCUMENTS\DAUPHINE\PROJETCOMPOSANTS\DM2IFGROUPE4\DEVELOPPEMENT\COMPOSANT6\COMPOSANT6\DEBUG\COMPOSANT6.RES
C:\Users\Laurent\Documents\dauphine\projetcomposants\DM2IFGroupe4\developpement\Composant6\Composant6\Debug\Composant6.vcxprojResolveAssemblyReference.cache
C:\Users\Laurent\Documents\dauphine\projetcomposants\DM2IFGroupe4\developpement\Composant6\Composant6\Debug\Composant6.write.1.tlog
C:\Users\Laurent\Documents\dauphine\projetcomposants\DM2IFGroupe4\developpement\Composant6\Composant6\Debug\Composant6_manifest.rc
C:\Users\Laurent\Documents\dauphine\projetcomposants\DM2IFGroupe4\developpement\Composant6\Composant6\Debug\link.command.1.tlog
C:\Users\Laurent\Documents\dauphine\projetcomposants\DM2IFGroupe4\developpement\Composant6\Composant6\Debug\link.read.1.tlog
C:\Users\Laurent\Documents\dauphine\projetcomposants\DM2IFGroupe4\developpement\Composant6\Composant6\Debug\link.write.1.tlog
C:\Users\Laurent\Documents\dauphine\projetcomposants\DM2IFGroupe4\developpement\Composant6\Composant6\Debug\link-cvtres.read.1.tlog
C:\Users\Laurent\Documents\dauphine\projetcomposants\DM2IFGroupe4\developpement\Composant6\Composant6\Debug\link-cvtres.write.1.tlog
C:\Users\Laurent\Documents\dauphine\projetcomposants\DM2IFGroupe4\developpement\Composant6\Composant6\Debug\rc.command.1.tlog
C:\Users\Laurent\Documents\dauphine\projetcomposants\DM2IFGroupe4\developpement\Composant6\Composant6\Debug\rc.read.1.tlog
C:\Users\Laurent\Documents\dauphine\projetcomposants\DM2IFGroupe4\developpement\Composant6\Composant6\Debug\rc.write.1.tlog
C:\Users\Laurent\Documents\dauphine\projetcomposants\DM2IFGroupe4\developpement\Composant6\Composant6\Debug\vc100.idb
C:\USERS\LAURENT\DOCUMENTS\DAUPHINE\PROJETCOMPOSANTS\DM2IFGROUPE4\DEVELOPPEMENT\COMPOSANT6\COMPOSANT6\DEBUG\VC100.PDB
C:\Users\Laurent\Documents\dauphine\projetcomposants\DM2IFGroupe4\developpement\Debug\Composant6.pdb
