C:\Users\Laurent\Documents\dauphine\projetcomposants\DM2IFGroupe4\developpement\Composant0\Composant0\Debug\cl.command.1.tlog
C:\Users\Laurent\Documents\dauphine\projetcomposants\DM2IFGroupe4\developpement\Composant0\Composant0\Debug\CL.read.1.tlog
C:\Users\Laurent\Documents\dauphine\projetcomposants\DM2IFGroupe4\developpement\Composant0\Composant0\Debug\CL.write.1.tlog
C:\USERS\LAURENT\DOCUMENTS\DAUPHINE\PROJETCOMPOSANTS\DM2IFGROUPE4\DEVELOPPEMENT\COMPOSANT0\COMPOSANT0\DEBUG\COMPOSANT0.DLL.EMBED.MANIFEST
C:\USERS\LAURENT\DOCUMENTS\DAUPHINE\PROJETCOMPOSANTS\DM2IFGROUPE4\DEVELOPPEMENT\COMPOSANT0\COMPOSANT0\DEBUG\COMPOSANT0.DLL.EMBED.MANIFEST.RES
C:\USERS\LAURENT\DOCUMENTS\DAUPHINE\PROJETCOMPOSANTS\DM2IFGROUPE4\DEVELOPPEMENT\COMPOSANT0\COMPOSANT0\DEBUG\COMPOSANT0.DLL.INTERMEDIATE.MANIFEST
C:\USERS\LAURENT\DOCUMENTS\DAUPHINE\PROJETCOMPOSANTS\DM2IFGROUPE4\DEVELOPPEMENT\COMPOSANT0\COMPOSANT0\DEBUG\COMPOSANT0.OBJ
C:\USERS\LAURENT\DOCUMENTS\DAUPHINE\PROJETCOMPOSANTS\DM2IFGROUPE4\DEVELOPPEMENT\COMPOSANT0\COMPOSANT0\DEBUG\COMPOSANT0.RES
C:\Users\Laurent\Documents\dauphine\projetcomposants\DM2IFGroupe4\developpement\Composant0\Composant0\Debug\Composant0.write.1.tlog
C:\Users\Laurent\Documents\dauphine\projetcomposants\DM2IFGroupe4\developpement\Composant0\Composant0\Debug\Composant0_manifest.rc
C:\Users\Laurent\Documents\dauphine\projetcomposants\DM2IFGroupe4\developpement\Composant0\Composant0\Debug\link.6432.read.1.tlog
C:\Users\Laurent\Documents\dauphine\projetcomposants\DM2IFGroupe4\developpement\Composant0\Composant0\Debug\link.6432.write.1.tlog
C:\Users\Laurent\Documents\dauphine\projetcomposants\DM2IFGroupe4\developpement\Composant0\Composant0\Debug\link.6432-cvtres.read.1.tlog
C:\Users\Laurent\Documents\dauphine\projetcomposants\DM2IFGroupe4\developpement\Composant0\Composant0\Debug\link.6432-cvtres.write.1.tlog
C:\Users\Laurent\Documents\dauphine\projetcomposants\DM2IFGroupe4\developpement\Composant0\Composant0\Debug\link.command.1.tlog
C:\Users\Laurent\Documents\dauphine\projetcomposants\DM2IFGroupe4\developpement\Composant0\Composant0\Debug\link.read.1.tlog
C:\Users\Laurent\Documents\dauphine\projetcomposants\DM2IFGroupe4\developpement\Composant0\Composant0\Debug\link.write.1.tlog
C:\Users\Laurent\Documents\dauphine\projetcomposants\DM2IFGroupe4\developpement\Composant0\Composant0\Debug\link-cvtres.read.1.tlog
C:\Users\Laurent\Documents\dauphine\projetcomposants\DM2IFGroupe4\developpement\Composant0\Composant0\Debug\link-cvtres.write.1.tlog
C:\Users\Laurent\Documents\dauphine\projetcomposants\DM2IFGroupe4\developpement\Composant0\Composant0\Debug\mt.command.1.tlog
C:\Users\Laurent\Documents\dauphine\projetcomposants\DM2IFGroupe4\developpement\Composant0\Composant0\Debug\mt.read.1.tlog
C:\Users\Laurent\Documents\dauphine\projetcomposants\DM2IFGroupe4\developpement\Composant0\Composant0\Debug\mt.write.1.tlog
C:\Users\Laurent\Documents\dauphine\projetcomposants\DM2IFGroupe4\developpement\Composant0\Composant0\Debug\rc.command.1.tlog
C:\Users\Laurent\Documents\dauphine\projetcomposants\DM2IFGroupe4\developpement\Composant0\Composant0\Debug\rc.read.1.tlog
C:\Users\Laurent\Documents\dauphine\projetcomposants\DM2IFGroupe4\developpement\Composant0\Composant0\Debug\rc.write.1.tlog
C:\Users\Laurent\Documents\dauphine\projetcomposants\DM2IFGroupe4\developpement\Composant0\Composant0\Debug\vc100.idb
C:\USERS\LAURENT\DOCUMENTS\DAUPHINE\PROJETCOMPOSANTS\DM2IFGROUPE4\DEVELOPPEMENT\COMPOSANT0\COMPOSANT0\DEBUG\VC100.PDB
C:\USERS\LAURENT\DOCUMENTS\DAUPHINE\PROJETCOMPOSANTS\DM2IFGROUPE4\DEVELOPPEMENT\DEBUG\COMPOSANT0.DLL
C:\Users\Laurent\Documents\dauphine\projetcomposants\DM2IFGroupe4\developpement\Debug\Composant0.exp
C:\USERS\LAURENT\DOCUMENTS\DAUPHINE\PROJETCOMPOSANTS\DM2IFGROUPE4\DEVELOPPEMENT\DEBUG\COMPOSANT0.ILK
C:\Users\Laurent\Documents\dauphine\projetcomposants\DM2IFGroupe4\developpement\Debug\Composant0.lib
C:\USERS\LAURENT\DOCUMENTS\DAUPHINE\PROJETCOMPOSANTS\DM2IFGROUPE4\DEVELOPPEMENT\DEBUG\COMPOSANT0.PDB
