C:\Users\Laurent\Documents\dauphine\projetcomposants\DM2IFGroupe4\developpement\Composant3\Composant3\x64\Debug\cl.command.1.tlog
C:\Users\Laurent\Documents\dauphine\projetcomposants\DM2IFGroupe4\developpement\Composant3\Composant3\x64\Debug\CL.read.1.tlog
C:\Users\Laurent\Documents\dauphine\projetcomposants\DM2IFGroupe4\developpement\Composant3\Composant3\x64\Debug\CL.write.1.tlog
C:\USERS\LAURENT\DOCUMENTS\DAUPHINE\PROJETCOMPOSANTS\DM2IFGROUPE4\DEVELOPPEMENT\COMPOSANT3\COMPOSANT3\X64\DEBUG\COMPOSANT3.DLL.INTERMEDIATE.MANIFEST
C:\USERS\LAURENT\DOCUMENTS\DAUPHINE\PROJETCOMPOSANTS\DM2IFGROUPE4\DEVELOPPEMENT\COMPOSANT3\COMPOSANT3\X64\DEBUG\COMPOSANT3.OBJ
C:\USERS\LAURENT\DOCUMENTS\DAUPHINE\PROJETCOMPOSANTS\DM2IFGROUPE4\DEVELOPPEMENT\COMPOSANT3\COMPOSANT3\X64\DEBUG\COMPOSANT3.RES
C:\Users\Laurent\Documents\dauphine\projetcomposants\DM2IFGroupe4\developpement\Composant3\Composant3\x64\Debug\Composant3.write.1.tlog
C:\Users\Laurent\Documents\dauphine\projetcomposants\DM2IFGroupe4\developpement\Composant3\Composant3\x64\Debug\link.command.1.tlog
C:\Users\Laurent\Documents\dauphine\projetcomposants\DM2IFGroupe4\developpement\Composant3\Composant3\x64\Debug\link.read.1.tlog
C:\Users\Laurent\Documents\dauphine\projetcomposants\DM2IFGroupe4\developpement\Composant3\Composant3\x64\Debug\link.write.1.tlog
C:\Users\Laurent\Documents\dauphine\projetcomposants\DM2IFGroupe4\developpement\Composant3\Composant3\x64\Debug\link-cvtres.read.1.tlog
C:\Users\Laurent\Documents\dauphine\projetcomposants\DM2IFGroupe4\developpement\Composant3\Composant3\x64\Debug\link-cvtres.write.1.tlog
C:\Users\Laurent\Documents\dauphine\projetcomposants\DM2IFGroupe4\developpement\Composant3\Composant3\x64\Debug\mt.command.1.tlog
C:\Users\Laurent\Documents\dauphine\projetcomposants\DM2IFGroupe4\developpement\Composant3\Composant3\x64\Debug\mt.read.1.tlog
C:\Users\Laurent\Documents\dauphine\projetcomposants\DM2IFGroupe4\developpement\Composant3\Composant3\x64\Debug\mt.write.1.tlog
C:\Users\Laurent\Documents\dauphine\projetcomposants\DM2IFGroupe4\developpement\Composant3\Composant3\x64\Debug\rc.command.1.tlog
C:\Users\Laurent\Documents\dauphine\projetcomposants\DM2IFGroupe4\developpement\Composant3\Composant3\x64\Debug\rc.read.1.tlog
C:\Users\Laurent\Documents\dauphine\projetcomposants\DM2IFGroupe4\developpement\Composant3\Composant3\x64\Debug\rc.write.1.tlog
C:\USERS\LAURENT\DOCUMENTS\DAUPHINE\PROJETCOMPOSANTS\DM2IFGROUPE4\DEVELOPPEMENT\COMPOSANT3\COMPOSANT3\X64\DEBUG\VC100.PDB
C:\USERS\LAURENT\DOCUMENTS\DAUPHINE\PROJETCOMPOSANTS\DM2IFGROUPE4\DEVELOPPEMENT\X64\DEBUG\COMPOSANT3.DLL
C:\Users\Laurent\Documents\dauphine\projetcomposants\DM2IFGroupe4\developpement\x64\Debug\Composant3.exp
C:\Users\Laurent\Documents\dauphine\projetcomposants\DM2IFGroupe4\developpement\x64\Debug\Composant3.lib
