La génération a démarré 14/04/2015 18:16:46.
     1>Projet "C:\Users\Laurent\Documents\dauphine\projetcomposants\DM2IFGroupe4\developpement\Composant3\Composant3\Composant3.vcxproj" sur le nœud 2 (rebuild cible(s)).
     1>_PrepareForClean:
         Suppression du fichier "Debug\Composant3.lastbuildstate".
       InitializeBuildStatus:
         Création de "Debug\Composant3.unsuccessfulbuild", car "AlwaysCreate" a été spécifié.
       ClCompile:
         c:\Program Files (x86)\Microsoft Visual Studio 10.0\VC\bin\CL.exe /c /IC:\Users\Laurent\Documents\dauphine\projetcomposants\DM2IFGroupe4\developpement\/Composant0/interfaces /ZI /nologo /W3 /WX- /Od /Oy- /D COMPOSANT3_EXPORTS /D WIN32 /D _DEBUG /D _CONSOLE /D _WINDLL /D _UNICODE /D UNICODE /Gm /EHsc /RTC1 /MDd /GS /fp:precise /Zc:wchar_t /Zc:forScope /Fo"Debug\\" /Fd"Debug\vc100.pdb" /Gd /TP /analyze- /errorReport:prompt Composant3.cpp
         Composant3.cpp
     1>c:\users\laurent\documents\dauphine\projetcomposants\dm2ifgroupe4\developpement\composant3\composant3\composant3.cpp(26): warning C4244: 'argument' : conversion de 'time_t' en 'unsigned int', perte possible de données
     1>c:\users\laurent\documents\dauphine\projetcomposants\dm2ifgroupe4\developpement\composant3\composant3\composant3.cpp(36): warning C4244: 'argument' : conversion de 'double' en 'float', perte possible de données
       ResourceCompile:
         C:\Program Files (x86)\Microsoft SDKs\Windows\v7.0A\bin\rc.exe /D _UNICODE /D UNICODE /l"0x0409" /nologo /fo"Debug\Composant3.res" Composant3.rc 
       ManifestResourceCompile:
         C:\Program Files (x86)\Microsoft SDKs\Windows\v7.0A\bin\rc.exe /nologo /fo"Debug\Composant3.dll.embed.manifest.res" Debug\Composant3_manifest.rc 
       Link:
         c:\Program Files (x86)\Microsoft Visual Studio 10.0\VC\bin\link.exe /ERRORREPORT:PROMPT /OUT:"C:\Users\Laurent\Documents\dauphine\projetcomposants\DM2IFGroupe4\developpement\Debug\Composant3.dll" /INCREMENTAL /NOLOGO kernel32.lib user32.lib gdi32.lib winspool.lib comdlg32.lib advapi32.lib shell32.lib ole32.lib oleaut32.lib uuid.lib odbc32.lib odbccp32.lib /MANIFEST /ManifestFile:"Debug\Composant3.dll.intermediate.manifest" /MANIFESTUAC:"level='asInvoker' uiAccess='false'" /DEBUG /PDB:"C:\Users\Laurent\Documents\dauphine\projetcomposants\DM2IFGroupe4\developpement\Debug\Composant3.pdb" /SUBSYSTEM:CONSOLE /TLBID:1 /DYNAMICBASE /NXCOMPAT /IMPLIB:"C:\Users\Laurent\Documents\dauphine\projetcomposants\DM2IFGroupe4\developpement\Debug\Composant3.lib" /MACHINE:X86 /DLL Debug\Composant3.res
         Debug\Composant3.dll.embed.manifest.res
         Debug\Composant3.obj
            Création de la bibliothèque C:\Users\Laurent\Documents\dauphine\projetcomposants\DM2IFGroupe4\developpement\Debug\Composant3.lib et de l'objet C:\Users\Laurent\Documents\dauphine\projetcomposants\DM2IFGroupe4\developpement\Debug\Composant3.exp
       Manifest:
         Suppression du fichier "Debug\Composant3.dll.embed.manifest".
         C:\Program Files (x86)\Microsoft SDKs\Windows\v7.0A\bin\mt.exe /nologo /verbose /out:"Debug\Composant3.dll.embed.manifest" /manifest Debug\Composant3.dll.intermediate.manifest
         C:\Program Files (x86)\Microsoft SDKs\Windows\v7.0A\bin\rc.exe /nologo /fo"Debug\Composant3.dll.embed.manifest.res" Debug\Composant3_manifest.rc 
       LinkEmbedManifest:
         c:\Program Files (x86)\Microsoft Visual Studio 10.0\VC\bin\link.exe /ERRORREPORT:PROMPT /OUT:"C:\Users\Laurent\Documents\dauphine\projetcomposants\DM2IFGroupe4\developpement\Debug\Composant3.dll" /INCREMENTAL /NOLOGO kernel32.lib user32.lib gdi32.lib winspool.lib comdlg32.lib advapi32.lib shell32.lib ole32.lib oleaut32.lib uuid.lib odbc32.lib odbccp32.lib /MANIFEST /ManifestFile:"Debug\Composant3.dll.intermediate.manifest" /MANIFESTUAC:"level='asInvoker' uiAccess='false'" /DEBUG /PDB:"C:\Users\Laurent\Documents\dauphine\projetcomposants\DM2IFGroupe4\developpement\Debug\Composant3.pdb" /SUBSYSTEM:CONSOLE /TLBID:1 /DYNAMICBASE /NXCOMPAT /IMPLIB:"C:\Users\Laurent\Documents\dauphine\projetcomposants\DM2IFGroupe4\developpement\Debug\Composant3.lib" /MACHINE:X86 /DLL Debug\Composant3.res
         Debug\Composant3.dll.embed.manifest.res
         Debug\Composant3.obj
            Création de la bibliothèque C:\Users\Laurent\Documents\dauphine\projetcomposants\DM2IFGroupe4\developpement\Debug\Composant3.lib et de l'objet C:\Users\Laurent\Documents\dauphine\projetcomposants\DM2IFGroupe4\developpement\Debug\Composant3.exp
         Composant3.vcxproj -> C:\Users\Laurent\Documents\dauphine\projetcomposants\DM2IFGroupe4\developpement\Debug\Composant3.dll
       FinalizeBuildStatus:
         Suppression du fichier "Debug\Composant3.unsuccessfulbuild".
         Mise à jour de l'horodatage "Debug\Composant3.lastbuildstate".
     1>Génération du projet "C:\Users\Laurent\Documents\dauphine\projetcomposants\DM2IFGroupe4\developpement\Composant3\Composant3\Composant3.vcxproj" terminée (rebuild cible(s)).

La génération a réussi.

Temps écoulé 00:00:01.19
