C:\Users\Laurent\Documents\dauphine\projetcomposants\DM2IFGroupe4\developpement\Composant3\Composant3\Debug\cl.command.1.tlog
C:\Users\Laurent\Documents\dauphine\projetcomposants\DM2IFGroupe4\developpement\Composant3\Composant3\Debug\CL.read.1.tlog
C:\Users\Laurent\Documents\dauphine\projetcomposants\DM2IFGroupe4\developpement\Composant3\Composant3\Debug\CL.write.1.tlog
C:\USERS\LAURENT\DOCUMENTS\DAUPHINE\PROJETCOMPOSANTS\DM2IFGROUPE4\DEVELOPPEMENT\COMPOSANT3\COMPOSANT3\DEBUG\COMPOSANT3.DLL.EMBED.MANIFEST
C:\USERS\LAURENT\DOCUMENTS\DAUPHINE\PROJETCOMPOSANTS\DM2IFGROUPE4\DEVELOPPEMENT\COMPOSANT3\COMPOSANT3\DEBUG\COMPOSANT3.DLL.EMBED.MANIFEST.RES
C:\USERS\LAURENT\DOCUMENTS\DAUPHINE\PROJETCOMPOSANTS\DM2IFGROUPE4\DEVELOPPEMENT\COMPOSANT3\COMPOSANT3\DEBUG\COMPOSANT3.DLL.INTERMEDIATE.MANIFEST
C:\USERS\LAURENT\DOCUMENTS\DAUPHINE\PROJETCOMPOSANTS\DM2IFGROUPE4\DEVELOPPEMENT\COMPOSANT3\COMPOSANT3\DEBUG\COMPOSANT3.OBJ
C:\USERS\LAURENT\DOCUMENTS\DAUPHINE\PROJETCOMPOSANTS\DM2IFGROUPE4\DEVELOPPEMENT\COMPOSANT3\COMPOSANT3\DEBUG\COMPOSANT3.RES
C:\Users\Laurent\Documents\dauphine\projetcomposants\DM2IFGroupe4\developpement\Composant3\Composant3\Debug\Composant3.write.1.tlog
C:\Users\Laurent\Documents\dauphine\projetcomposants\DM2IFGroupe4\developpement\Composant3\Composant3\Debug\Composant3_manifest.rc
C:\Users\Laurent\Documents\dauphine\projetcomposants\DM2IFGroupe4\developpement\Composant3\Composant3\Debug\link.6448.read.1.tlog
C:\Users\Laurent\Documents\dauphine\projetcomposants\DM2IFGroupe4\developpement\Composant3\Composant3\Debug\link.6448.write.1.tlog
C:\Users\Laurent\Documents\dauphine\projetcomposants\DM2IFGroupe4\developpement\Composant3\Composant3\Debug\link.6448-cvtres.read.1.tlog
C:\Users\Laurent\Documents\dauphine\projetcomposants\DM2IFGroupe4\developpement\Composant3\Composant3\Debug\link.6448-cvtres.write.1.tlog
C:\Users\Laurent\Documents\dauphine\projetcomposants\DM2IFGroupe4\developpement\Composant3\Composant3\Debug\link.command.1.tlog
C:\Users\Laurent\Documents\dauphine\projetcomposants\DM2IFGroupe4\developpement\Composant3\Composant3\Debug\link.read.1.tlog
C:\Users\Laurent\Documents\dauphine\projetcomposants\DM2IFGroupe4\developpement\Composant3\Composant3\Debug\link.write.1.tlog
C:\Users\Laurent\Documents\dauphine\projetcomposants\DM2IFGroupe4\developpement\Composant3\Composant3\Debug\link-cvtres.read.1.tlog
C:\Users\Laurent\Documents\dauphine\projetcomposants\DM2IFGroupe4\developpement\Composant3\Composant3\Debug\link-cvtres.write.1.tlog
C:\Users\Laurent\Documents\dauphine\projetcomposants\DM2IFGroupe4\developpement\Composant3\Composant3\Debug\mt.command.1.tlog
C:\Users\Laurent\Documents\dauphine\projetcomposants\DM2IFGroupe4\developpement\Composant3\Composant3\Debug\mt.read.1.tlog
C:\Users\Laurent\Documents\dauphine\projetcomposants\DM2IFGroupe4\developpement\Composant3\Composant3\Debug\mt.write.1.tlog
C:\Users\Laurent\Documents\dauphine\projetcomposants\DM2IFGroupe4\developpement\Composant3\Composant3\Debug\rc.command.1.tlog
C:\Users\Laurent\Documents\dauphine\projetcomposants\DM2IFGroupe4\developpement\Composant3\Composant3\Debug\rc.read.1.tlog
C:\Users\Laurent\Documents\dauphine\projetcomposants\DM2IFGroupe4\developpement\Composant3\Composant3\Debug\rc.write.1.tlog
C:\Users\Laurent\Documents\dauphine\projetcomposants\DM2IFGroupe4\developpement\Composant3\Composant3\Debug\vc100.idb
C:\USERS\LAURENT\DOCUMENTS\DAUPHINE\PROJETCOMPOSANTS\DM2IFGROUPE4\DEVELOPPEMENT\COMPOSANT3\COMPOSANT3\DEBUG\VC100.PDB
C:\USERS\LAURENT\DOCUMENTS\DAUPHINE\PROJETCOMPOSANTS\DM2IFGROUPE4\DEVELOPPEMENT\DEBUG\COMPOSANT3.DLL
C:\Users\Laurent\Documents\dauphine\projetcomposants\DM2IFGroupe4\developpement\Debug\Composant3.exp
C:\USERS\LAURENT\DOCUMENTS\DAUPHINE\PROJETCOMPOSANTS\DM2IFGROUPE4\DEVELOPPEMENT\DEBUG\COMPOSANT3.ILK
C:\Users\Laurent\Documents\dauphine\projetcomposants\DM2IFGroupe4\developpement\Debug\Composant3.lib
C:\USERS\LAURENT\DOCUMENTS\DAUPHINE\PROJETCOMPOSANTS\DM2IFGROUPE4\DEVELOPPEMENT\DEBUG\COMPOSANT3.PDB
